<?xml version="1.0" encoding="UTF-8"?>
<!-- Generated by org.testng.reporters.JUnitXMLReporter -->
<testsuite hostname="Ian-PC" name="Search" tests="7" failures="0" timestamp="2 Oct 2018 19:29:38 GMT" time="14.349" errors="0">
  <testcase name="f" time="0.002" classname="basictest.WikiSearch"/>
  <testcase name="hello" time="0.002" classname="basictest.WikiSearch"/>
  <testcase name="search" time="1.43" classname="basictest.WikiSearch"/>
  <testcase name="search" time="1.814" classname="basictest.WikiSearch"/>
  <testcase name="search" time="2.644" classname="basictest.WikiSearch"/>
  <testcase name="search" time="2.585" classname="basictest.WikiSearch"/>
  <testcase name="search" time="1.444" classname="basictest.WikiSearch"/>
</testsuite> <!-- Search -->
